<?xml version="1.0" encoding="UTF-8"?>
<coverage generated="1716691885803" clover="3.2.0">
  <project timestamp="1716691885803" name="All files">
    <metrics statements="3" coveredstatements="3" conditionals="1" coveredconditionals="1" methods="1" coveredmethods="1" elements="5" coveredelements="5" complexity="0" loc="3" ncloc="3" packages="1" files="1" classes="1"/>
    <file name="hello_world.ts" path="D:\fabri\Documentos\UFAM\WA\ci-cd-lab03\src\hello_world.ts">
      <metrics statements="3" coveredstatements="3" conditionals="1" coveredconditionals="1" methods="1" coveredmethods="1"/>
      <line num="1" count="1" type="stmt"/>
      <line num="4" count="1" type="cond" truecount="1" falsecount="0"/>
      <line num="5" count="1" type="stmt"/>
    </file>
  </project>
</coverage>
